<?xml version="1.0" encoding="UTF-8"?>
<!-- Generated by org.testng.reporters.JUnitReportReporter -->
<testsuite hostname="LAPTOP-K6O5FRIA" failures="0" tests="1" name="com.herokuapp.theinternet.PositiveTests" time="14.409" errors="0" timestamp="2020-03-23T17:42:04 EDT" skipped="0">
  <testcase classname="com.herokuapp.theinternet.PositiveTests" name="loginTest" time="14.409"/>
  <system-out/>
</testsuite> <!-- com.herokuapp.theinternet.PositiveTests -->
